0 verbose cli [
0 verbose cli   'D:\\Tools-Angular\\nodejs\\node.exe',
0 verbose cli   'D:\\Tools-Angular\\nodejs\\node_modules\\npm\\bin\\npm-cli.js',
0 verbose cli   'list',
0 verbose cli   '__ngcc_entry_points__.json'
0 verbose cli ]
1 info using npm@8.3.1
2 info using node@v16.14.0
3 timing npm:load:whichnode Completed in 0ms
4 timing config:load:defaults Completed in 1ms
5 timing config:load:file:D:\Tools-Angular\nodejs\node_modules\npm\npmrc Completed in 2ms
6 timing config:load:builtin Completed in 2ms
7 timing config:load:cli Completed in 1ms
8 timing config:load:env Completed in 1ms
9 timing config:load:file:\.npmrc Completed in 0ms
10 timing config:load:project Completed in 2ms
11 timing config:load:file:C:\Users\ywlcn\.npmrc Completed in 1ms
12 timing config:load:user Completed in 1ms
13 timing config:load:file:C:\Users\ywlcn\AppData\Roaming\npm\etc\npmrc Completed in 0ms
14 timing config:load:global Completed in 0ms
15 timing config:load:validate Completed in 0ms
16 timing config:load:credentials Completed in 1ms
17 timing config:load:setEnvs Completed in 0ms
18 timing config:load Completed in 9ms
19 timing npm:load:configload Completed in 9ms
20 timing npm:load:setTitle Completed in 1ms
21 timing config:load:flatten Completed in 2ms
22 timing npm:load:display Completed in 3ms
23 verbose logfile C:\Users\ywlcn\AppData\Local\npm-cache\_logs\2022-02-14T23_47_35_766Z-debug-0.log
24 timing npm:load:logFile Completed in 5ms
25 timing npm:load:timers Completed in 0ms
26 timing npm:load:configScope Completed in 0ms
27 timing npm:load Completed in 18ms
28 timing arborist:ctor Completed in 0ms
29 silly logfile start cleaning logs, removing 2 files
30 verbose shrinkwrap failed to load node_modules/.package-lock.json out of date, updated: node_modules
31 timing command:list Completed in 1078ms
32 verbose stack Error: invalid: @angular/common@10.0.7 \node_modules\@angular\common
32 verbose stack invalid: @angular/core@10.0.7 \node_modules\@angular\core
32 verbose stack invalid: rxjs@6.6.2 \node_modules\rxjs
32 verbose stack invalid: tslib@2.0.0 \node_modules\tslib
32 verbose stack invalid: @angular/forms@10.0.7 \node_modules\@angular\forms
32 verbose stack invalid: @angular/platform-browser@10.0.7 \node_modules\@angular\platform-browser
32 verbose stack invalid: @angular/animations@10.0.7 \node_modules\@angular\animations
32 verbose stack     at LS.exec (D:\Tools-Angular\nodejs\node_modules\npm\lib\commands\ls.js:209:9)
32 verbose stack     at processTicksAndRejections (node:internal/process/task_queues:96:5)
32 verbose stack     at async module.exports (D:\Tools-Angular\nodejs\node_modules\npm\lib\cli.js:66:5)
33 verbose cwd 
34 verbose Windows_NT 10.0.19044
35 verbose argv "D:\\Tools-Angular\\nodejs\\node.exe" "D:\\Tools-Angular\\nodejs\\node_modules\\npm\\bin\\npm-cli.js" "list" "__ngcc_entry_points__.json"
36 verbose node v16.14.0
37 verbose npm  v8.3.1
38 error code ELSPROBLEMS
39 error invalid: @angular/common@10.0.7 \node_modules\@angular\common
39 error invalid: @angular/core@10.0.7 \node_modules\@angular\core
39 error invalid: rxjs@6.6.2 \node_modules\rxjs
39 error invalid: tslib@2.0.0 \node_modules\tslib
39 error invalid: @angular/forms@10.0.7 \node_modules\@angular\forms
39 error invalid: @angular/platform-browser@10.0.7 \node_modules\@angular\platform-browser
39 error invalid: @angular/animations@10.0.7 \node_modules\@angular\animations
40 verbose exit 1
41 timing npm Completed in 1295ms
42 verbose code 1
43 error A complete log of this run can be found in:
43 error     C:\Users\ywlcn\AppData\Local\npm-cache\_logs\2022-02-14T23_47_35_766Z-debug-0.log
